[debug] [2023-11-15T07:12:12.222Z] ----------------------------------------------------------------------
[debug] [2023-11-15T07:12:12.226Z] Command:       C:\Program Files\nodejs\node.exe C:\Users\maank\AppData\Roaming\npm\node_modules\firebase-tools\lib\bin\firebase.js init
[debug] [2023-11-15T07:12:12.227Z] CLI Version:   12.8.0
[debug] [2023-11-15T07:12:12.227Z] Platform:      win32
[debug] [2023-11-15T07:12:12.228Z] Node Version:  v18.18.0
[debug] [2023-11-15T07:12:12.229Z] Time:          Wed Nov 15 2023 12:42:12 GMT+0530 (India Standard Time)
[debug] [2023-11-15T07:12:12.229Z] ----------------------------------------------------------------------
[debug] 
[debug] [2023-11-15T07:12:12.390Z] > command requires scopes: ["email","openid","https://www.googleapis.com/auth/cloudplatformprojects.readonly","https://www.googleapis.com/auth/firebase","https://www.googleapis.com/auth/cloud-platform"]
[debug] [2023-11-15T07:12:12.391Z] > authorizing via signed-in user (maankhushi303@gmail.com)
[info] 
     ######## #### ########  ######## ########     ###     ######  ########
     ##        ##  ##     ## ##       ##     ##  ##   ##  ##       ##
     ######    ##  ########  ######   ########  #########  ######  ######
     ##        ##  ##    ##  ##       ##     ## ##     ##       ## ##
     ##       #### ##     ## ######## ########  ##     ##  ######  ########

You're about to initialize a Firebase project in this directory:

  C:\Users\maank\OneDrive\Desktop\shakeyourtail

Before we get started, keep in mind:

  * You are initializing within an existing Firebase project directory

